<?xml version="1.0" encoding="UTF-8"?>
<!-- Generated by org.testng.reporters.JUnitReportReporter -->
<testsuite hostname="DESKTOP-AGNB65N" failures="0" tests="2" name="com.runner.TestRunner" time="95.051" errors="0" timestamp="22 Mar 2023 05:42:00 GMT" skipped="0">
  <testcase classname="com.runner.TestRunner" name="runScenario" time="44.451"/>
  <testcase classname="com.runner.TestRunner" name="runScenario" time="50.600"/>
</testsuite> <!-- com.runner.TestRunner -->
